  World.cpp
e:\programming\workspace\projects\graphics\zombiegame\world.cpp(49): warning C4018: '<': signed/unsigned mismatch
e:\programming\workspace\projects\graphics\zombiegame\world.cpp(53): warning C4244: '=': conversion from 'int' to 'float', possible loss of data
e:\programming\workspace\projects\graphics\zombiegame\world.cpp(54): warning C4244: '=': conversion from 'int' to 'float', possible loss of data
  MainGame.cpp
e:\programming\workspace\projects\graphics\zombiegame\maingame.cpp(66): warning C4018: '<': signed/unsigned mismatch
e:\programming\workspace\projects\graphics\zombiegame\maingame.cpp(75): warning C4244: 'argument': conversion from 'time_t' to 'unsigned int', possible loss of data
e:\programming\workspace\projects\graphics\zombiegame\maingame.cpp(76): warning C4018: '<': signed/unsigned mismatch
e:\programming\workspace\projects\graphics\zombiegame\maingame.cpp(85): warning C4018: '<': signed/unsigned mismatch
e:\programming\workspace\projects\graphics\zombiegame\maingame.cpp(118): warning C4244: 'argument': conversion from 'Sint32' to 'float', possible loss of data
e:\programming\workspace\projects\graphics\zombiegame\maingame.cpp(140): warning C4244: 'argument': conversion from 'float' to 'int', possible loss of data
e:\programming\workspace\projects\graphics\zombiegame\maingame.cpp(144): warning C4244: 'argument': conversion from 'float' to 'int', possible loss of data
e:\programming\workspace\projects\graphics\zombiegame\maingame.cpp(148): warning C4244: 'argument': conversion from 'float' to 'int', possible loss of data
e:\programming\workspace\projects\graphics\zombiegame\maingame.cpp(152): warning C4244: 'argument': conversion from 'float' to 'int', possible loss of data
e:\programming\workspace\projects\graphics\zombiegame\maingame.cpp(216): warning C4018: '<': signed/unsigned mismatch
e:\programming\workspace\projects\graphics\zombiegame\maingame.cpp(220): warning C4018: '<': signed/unsigned mismatch
e:\programming\workspace\projects\graphics\zombiegame\maingame.cpp(225): warning C4018: '<': signed/unsigned mismatch
e:\programming\workspace\projects\graphics\zombiegame\maingame.cpp(264): warning C4244: 'argument': conversion from 'time_t' to 'unsigned int', possible loss of data
e:\programming\workspace\projects\graphics\zombiegame\maingame.cpp(297): warning C4018: '<': signed/unsigned mismatch
e:\programming\workspace\projects\graphics\zombiegame\maingame.cpp(298): warning C4018: '<': signed/unsigned mismatch
e:\programming\ide\visual studio 2015\vc\include\xmemory0(655): warning C4244: 'argument': conversion from 'float' to 'int', possible loss of data
  e:\programming\ide\visual studio 2015\vc\include\xmemory0(773): note: see reference to function template instantiation 'void std::allocator<_Ty>::construct<_Objty,float,float>(_Objty *,float &&,float &&)' being compiled
          with
          [
              _Ty=Zombie,
              _Objty=Zombie
          ]
  e:\programming\ide\visual studio 2015\vc\include\xmemory0(773): note: see reference to function template instantiation 'void std::allocator<_Ty>::construct<_Objty,float,float>(_Objty *,float &&,float &&)' being compiled
          with
          [
              _Ty=Zombie,
              _Objty=Zombie
          ]
  e:\programming\ide\visual studio 2015\vc\include\xmemory0(918): note: see reference to function template instantiation 'void std::allocator_traits<_Alloc>::construct<_Ty,float,float>(std::allocator<_Ty> &,_Objty *,float &&,float &&)' being compiled
          with
          [
              _Alloc=std::allocator<Zombie>,
              _Ty=Zombie,
              _Objty=Zombie
          ]
  e:\programming\ide\visual studio 2015\vc\include\xmemory0(917): note: see reference to function template instantiation 'void std::allocator_traits<_Alloc>::construct<_Ty,float,float>(std::allocator<_Ty> &,_Objty *,float &&,float &&)' being compiled
          with
          [
              _Alloc=std::allocator<Zombie>,
              _Ty=Zombie,
              _Objty=Zombie
          ]
  e:\programming\ide\visual studio 2015\vc\include\vector(929): note: see reference to function template instantiation 'void std::_Wrap_alloc<std::allocator<_Ty>>::construct<Zombie,float,float>(_Ty *,float &&,float &&)' being compiled
          with
          [
              _Ty=Zombie
          ]
  e:\programming\ide\visual studio 2015\vc\include\vector(928): note: see reference to function template instantiation 'void std::_Wrap_alloc<std::allocator<_Ty>>::construct<Zombie,float,float>(_Ty *,float &&,float &&)' being compiled
          with
          [
              _Ty=Zombie
          ]
  e:\programming\workspace\projects\graphics\zombiegame\maingame.cpp(301): note: see reference to function template instantiation 'void std::vector<Zombie,std::allocator<_Ty>>::emplace_back<T,T>(T &&,T &&)' being compiled
          with
          [
              _Ty=Zombie,
              T=float
          ]
  e:\programming\workspace\projects\graphics\zombiegame\maingame.cpp(301): note: see reference to function template instantiation 'void std::vector<Zombie,std::allocator<_Ty>>::emplace_back<T,T>(T &&,T &&)' being compiled
          with
          [
              _Ty=Zombie,
              T=float
          ]
  Generating Code...
  ZombieGame.vcxproj -> E:\Programming\Workspace\Projects\Graphics\Debug\ZombieGame.exe
