e:\programming\workspace\git\graphicstutorials\zombiegame\debug\vc120.pdb
e:\programming\workspace\git\graphicstutorials\zombiegame\debug\vc120.idb
e:\programming\workspace\git\graphicstutorials\zombiegame\debug\bullet.obj
e:\programming\workspace\git\graphicstutorials\zombiegame\debug\human.obj
e:\programming\workspace\git\graphicstutorials\zombiegame\debug\main.obj
e:\programming\workspace\git\graphicstutorials\zombiegame\debug\maingame.obj
e:\programming\workspace\git\graphicstutorials\zombiegame\debug\world.obj
e:\programming\workspace\git\graphicstutorials\zombiegame\debug\zombie.obj
e:\programming\workspace\projects\graphics\zombiegame\debug\vc140.pdb
e:\programming\workspace\projects\graphics\zombiegame\debug\vc140.idb
e:\programming\workspace\projects\graphics\zombiegame\debug\bullet.obj
e:\programming\workspace\projects\graphics\zombiegame\debug\human.obj
e:\programming\workspace\projects\graphics\zombiegame\debug\main.obj
e:\programming\workspace\projects\graphics\zombiegame\debug\maingame.obj
e:\programming\workspace\projects\graphics\zombiegame\debug\world.obj
e:\programming\workspace\projects\graphics\zombiegame\debug\zombie.obj
e:\programming\workspace\git\graphicstutorials\debug\zombiegame.ilk
e:\programming\workspace\git\graphicstutorials\debug\zombiegame.exe
e:\programming\workspace\git\graphicstutorials\debug\zombiegame.pdb
e:\programming\workspace\projects\graphics\zombiegame\debug\vc120.idb
e:\programming\workspace\projects\graphics\zombiegame\debug\zombiegame.tlog\cl.command.1.tlog
e:\programming\workspace\projects\graphics\zombiegame\debug\zombiegame.tlog\cl.read.1.tlog
e:\programming\workspace\projects\graphics\zombiegame\debug\zombiegame.tlog\cl.write.1.tlog
e:\programming\workspace\projects\graphics\zombiegame\debug\zombiegame.tlog\link.command.1.tlog
e:\programming\workspace\projects\graphics\zombiegame\debug\zombiegame.tlog\link.read.1.tlog
e:\programming\workspace\projects\graphics\zombiegame\debug\zombiegame.tlog\link.write.1.tlog
