  Camera2D.cpp
  Errors.cpp
  GLSLProgram.cpp
  GTEngine.cpp
  ImageLoader.cpp
e:\programming\workspace\projects\graphics\gtengine\ImageLoader.h(13): warning C4091: 'static ': ignored on left of 'GTEngine::ImageLoader' when no variable is declared
  InputManager.cpp
  IOManager.cpp
IOManager.cpp(20): warning C4244: 'initializing': conversion from 'std::streamoff' to 'int', possible loss of data
IOManager.cpp(23): warning C4244: '-=': conversion from 'std::streamoff' to 'int', possible loss of data
  picoPNG.cpp
  ResourceManager.cpp
  Sprite.cpp
Sprite.cpp(25): warning C4244: '=': conversion from 'float' to 'int', possible loss of data
Sprite.cpp(26): warning C4244: '=': conversion from 'float' to 'int', possible loss of data
Sprite.cpp(27): warning C4244: '=': conversion from 'float' to 'int', possible loss of data
Sprite.cpp(28): warning C4244: '=': conversion from 'float' to 'int', possible loss of data
  SpriteBatch.cpp
SpriteBatch.cpp(27): warning C4018: '<': signed/unsigned mismatch
SpriteBatch.cpp(69): warning C4018: '<': signed/unsigned mismatch
SpriteBatch.cpp(136): warning C4018: '<': signed/unsigned mismatch
  TextureCache.cpp
e:\programming\workspace\projects\graphics\gtengine\ImageLoader.h(13): warning C4091: 'static ': ignored on left of 'GTEngine::ImageLoader' when no variable is declared
  Timing.cpp
Timing.cpp(29): warning C4244: 'initializing': conversion from 'Uint32' to 'float', possible loss of data
Timing.cpp(32): warning C4244: 'argument': conversion from 'float' to 'Uint32', possible loss of data
Timing.cpp(44): warning C4244: 'initializing': conversion from 'Uint32' to 'float', possible loss of data
Timing.cpp(47): warning C4244: '=': conversion from 'Uint32' to 'float', possible loss of data
  Vertex.cpp
  Window.cpp
  GTEngine.vcxproj -> E:\Programming\Workspace\Projects\Graphics\Release\GTEngine.lib
