e:\programming\workspace\projects\graphics\gtengine\debug\gtengine.pdb
e:\programming\workspace\projects\graphics\gtengine\debug\gtengine.idb
e:\programming\workspace\projects\graphics\gtengine\debug\camera2d.obj
e:\programming\workspace\projects\graphics\gtengine\debug\errors.obj
e:\programming\workspace\projects\graphics\gtengine\debug\glslprogram.obj
e:\programming\workspace\projects\graphics\gtengine\debug\gtengine.obj
e:\programming\workspace\projects\graphics\gtengine\debug\imageloader.obj
e:\programming\workspace\projects\graphics\gtengine\debug\inputmanager.obj
e:\programming\workspace\projects\graphics\gtengine\debug\iomanager.obj
e:\programming\workspace\projects\graphics\gtengine\debug\picopng.obj
e:\programming\workspace\projects\graphics\gtengine\debug\resourcemanager.obj
e:\programming\workspace\projects\graphics\gtengine\debug\sprite.obj
e:\programming\workspace\projects\graphics\gtengine\debug\spritebatch.obj
e:\programming\workspace\projects\graphics\gtengine\debug\texturecache.obj
e:\programming\workspace\projects\graphics\gtengine\debug\timing.obj
e:\programming\workspace\projects\graphics\gtengine\debug\vertex.obj
e:\programming\workspace\projects\graphics\gtengine\debug\window.obj
e:\programming\workspace\projects\graphics\debug\gtengine.lib
e:\programming\workspace\projects\graphics\debug\gtengine.pdb
e:\programming\workspace\projects\graphics\gtengine\debug\gtengine.tlog\cl.command.1.tlog
e:\programming\workspace\projects\graphics\gtengine\debug\gtengine.tlog\cl.read.1.tlog
e:\programming\workspace\projects\graphics\gtengine\debug\gtengine.tlog\cl.write.1.tlog
e:\programming\workspace\projects\graphics\gtengine\debug\gtengine.tlog\lib-link.read.1.tlog
e:\programming\workspace\projects\graphics\gtengine\debug\gtengine.tlog\lib-link.write.1.tlog
e:\programming\workspace\projects\graphics\gtengine\debug\gtengine.tlog\lib.command.1.tlog
