  Bullet.cpp
Bullet.cpp(38): warning C4244: 'argument': conversion from 'float' to 'int', possible loss of data
  Human.cpp
Human.cpp(11): warning C4244: '=': conversion from 'int' to 'float', possible loss of data
Human.cpp(12): warning C4244: '=': conversion from 'int' to 'float', possible loss of data
Human.cpp(21): warning C4244: '=': conversion from 'int' to 'float', possible loss of data
Human.cpp(22): warning C4244: '=': conversion from 'int' to 'float', possible loss of data
Human.cpp(29): warning C4018: '<': signed/unsigned mismatch
Human.cpp(47): warning C4244: 'argument': conversion from 'float' to 'int', possible loss of data
Human.cpp(50): warning C4244: 'argument': conversion from 'float' to 'int', possible loss of data
Human.cpp(53): warning C4244: 'argument': conversion from 'float' to 'int', possible loss of data
Human.cpp(56): warning C4244: 'argument': conversion from 'float' to 'int', possible loss of data
  main.cpp
  MainGame.cpp
MainGame.cpp(66): warning C4018: '<': signed/unsigned mismatch
MainGame.cpp(75): warning C4244: 'argument': conversion from 'time_t' to 'unsigned int', possible loss of data
MainGame.cpp(76): warning C4018: '<': signed/unsigned mismatch
MainGame.cpp(85): warning C4018: '<': signed/unsigned mismatch
MainGame.cpp(118): warning C4244: 'argument': conversion from 'Sint32' to 'float', possible loss of data
MainGame.cpp(140): warning C4244: 'argument': conversion from 'float' to 'int', possible loss of data
MainGame.cpp(144): warning C4244: 'argument': conversion from 'float' to 'int', possible loss of data
MainGame.cpp(148): warning C4244: 'argument': conversion from 'float' to 'int', possible loss of data
MainGame.cpp(152): warning C4244: 'argument': conversion from 'float' to 'int', possible loss of data
MainGame.cpp(215): warning C4018: '<': signed/unsigned mismatch
MainGame.cpp(219): warning C4018: '<': signed/unsigned mismatch
MainGame.cpp(223): warning C4018: '<': signed/unsigned mismatch
MainGame.cpp(261): warning C4244: 'argument': conversion from 'time_t' to 'unsigned int', possible loss of data
MainGame.cpp(294): warning C4018: '<': signed/unsigned mismatch
MainGame.cpp(295): warning C4018: '<': signed/unsigned mismatch
E:\Programming\IDE\Visual Studio 2015\VC\include\xmemory0(655): warning C4244: 'argument': conversion from 'float' to 'int', possible loss of data
  E:\Programming\IDE\Visual Studio 2015\VC\include\xmemory0(773): note: see reference to function template instantiation 'void std::allocator<_Ty>::construct<_Objty,float,float>(_Objty *,float &&,float &&)' being compiled
          with
          [
              _Ty=Zombie,
              _Objty=Zombie
          ]
  E:\Programming\IDE\Visual Studio 2015\VC\include\xmemory0(773): note: see reference to function template instantiation 'void std::allocator<_Ty>::construct<_Objty,float,float>(_Objty *,float &&,float &&)' being compiled
          with
          [
              _Ty=Zombie,
              _Objty=Zombie
          ]
  E:\Programming\IDE\Visual Studio 2015\VC\include\xmemory0(918): note: see reference to function template instantiation 'void std::allocator_traits<_Alloc>::construct<_Ty,float,float>(std::allocator<_Ty> &,_Objty *,float &&,float &&)' being compiled
          with
          [
              _Alloc=std::allocator<Zombie>,
              _Ty=Zombie,
              _Objty=Zombie
          ]
  E:\Programming\IDE\Visual Studio 2015\VC\include\xmemory0(917): note: see reference to function template instantiation 'void std::allocator_traits<_Alloc>::construct<_Ty,float,float>(std::allocator<_Ty> &,_Objty *,float &&,float &&)' being compiled
          with
          [
              _Alloc=std::allocator<Zombie>,
              _Ty=Zombie,
              _Objty=Zombie
          ]
  E:\Programming\IDE\Visual Studio 2015\VC\include\vector(929): note: see reference to function template instantiation 'void std::_Wrap_alloc<std::allocator<_Ty>>::construct<Zombie,float,float>(_Ty *,float &&,float &&)' being compiled
          with
          [
              _Ty=Zombie
          ]
  E:\Programming\IDE\Visual Studio 2015\VC\include\vector(928): note: see reference to function template instantiation 'void std::_Wrap_alloc<std::allocator<_Ty>>::construct<Zombie,float,float>(_Ty *,float &&,float &&)' being compiled
          with
          [
              _Ty=Zombie
          ]
  MainGame.cpp(298): note: see reference to function template instantiation 'void std::vector<Zombie,std::allocator<_Ty>>::emplace_back<T,T>(T &&,T &&)' being compiled
          with
          [
              _Ty=Zombie,
              T=float
          ]
  MainGame.cpp(298): note: see reference to function template instantiation 'void std::vector<Zombie,std::allocator<_Ty>>::emplace_back<T,T>(T &&,T &&)' being compiled
          with
          [
              _Ty=Zombie,
              T=float
          ]
  World.cpp
World.cpp(49): warning C4018: '<': signed/unsigned mismatch
World.cpp(53): warning C4244: '=': conversion from 'int' to 'float', possible loss of data
World.cpp(54): warning C4244: '=': conversion from 'int' to 'float', possible loss of data
  Zombie.cpp
Zombie.cpp(7): warning C4244: '=': conversion from 'int' to 'float', possible loss of data
Zombie.cpp(8): warning C4244: '=': conversion from 'int' to 'float', possible loss of data
Zombie.cpp(18): warning C4018: '<': signed/unsigned mismatch
Zombie.cpp(38): warning C4018: '<': signed/unsigned mismatch
Zombie.cpp(51): warning C4244: 'argument': conversion from 'float' to 'int', possible loss of data
Zombie.cpp(56): warning C4244: 'argument': conversion from 'float' to 'int', possible loss of data
Zombie.cpp(59): warning C4244: 'argument': conversion from 'float' to 'int', possible loss of data
Zombie.cpp(62): warning C4244: 'argument': conversion from 'float' to 'int', possible loss of data
Zombie.cpp(65): warning C4244: 'argument': conversion from 'float' to 'int', possible loss of data
Zombie.cpp(71): warning C4244: 'argument': conversion from 'float' to 'int', possible loss of data
Zombie.cpp(74): warning C4244: 'argument': conversion from 'float' to 'int', possible loss of data
Zombie.cpp(77): warning C4244: 'argument': conversion from 'float' to 'int', possible loss of data
Zombie.cpp(80): warning C4244: 'argument': conversion from 'float' to 'int', possible loss of data
  Generating code
  All 1666 functions were compiled because no usable IPDB/IOBJ from previous compilation was found.
  Finished generating code
  ZombieGame.vcxproj -> E:\Programming\Workspace\Projects\Graphics\Release\ZombieGame.exe
